amspacktool: WARNING: 64bit executable version of "amspacktool" not found... the 32bit version will  be used instead.
ERROR: Cannot find /ws/cdr_rnm/sim/xcelium.d/AMSD/ams_spice_in/.amsspice_pre.ckt ! 
Notice: /opt/cadence/XCELIUM1803/tools.lnx86/spectre/etc/configs/mapsubckt.cfg is filtered . 
Notice: /opt/cadence/XCELIUM1803/tools.lnx86/spectre/etc/configs/spectre.cfg is filtered . 
Copy /ws/cdr_rnm/src/cf.scs ... 
ln -s /ws/cdr_rnm/sim/xcelium.d/AMSD/ams_spice_in/.a//ws/cdr_rnm/src/cf.scs /ws/cdr_rnm/sim/xcelium.d/AMSD/ams_spice_in/.a/. 
Use of uninitialized value $i in numeric lt (<) at /opt/cadence/XCELIUM1803/tools/spectre/amspacktool/bin/32bit/amspacktool line 292, <LF> line 40.
Use of uninitialized value $i in array element at /opt/cadence/XCELIUM1803/tools/spectre/amspacktool/bin/32bit/amspacktool line 294, <LF> line 40.
Use of uninitialized value $binary_num in numeric eq (==) at /opt/cadence/XCELIUM1803/tools/spectre/amspacktool/bin/32bit/amspacktool line 297, <LF> line 40.
Use of uninitialized value $i in numeric eq (==) at /opt/cadence/XCELIUM1803/tools/spectre/amspacktool/bin/32bit/amspacktool line 297, <LF> line 40.
Use of uninitialized value $binary_num in numeric eq (==) at /opt/cadence/XCELIUM1803/tools/spectre/amspacktool/bin/32bit/amspacktool line 297, <LF> line 40.
Use of uninitialized value $i in numeric eq (==) at /opt/cadence/XCELIUM1803/tools/spectre/amspacktool/bin/32bit/amspacktool line 297, <LF> line 40.
Use of uninitialized value $binary_num in numeric eq (==) at /opt/cadence/XCELIUM1803/tools/spectre/amspacktool/bin/32bit/amspacktool line 297, <LF> line 40.
Use of uninitialized value $binary_num in numeric eq (==) at /opt/cadence/XCELIUM1803/tools/spectre/amspacktool/bin/32bit/amspacktool line 297, <LF> line 40.
Use of uninitialized value $binary_num in numeric eq (==) at /opt/cadence/XCELIUM1803/tools/spectre/amspacktool/bin/32bit/amspacktool line 297, <LF> line 40.
Use of uninitialized value $binary_num in numeric eq (==) at /opt/cadence/XCELIUM1803/tools/spectre/amspacktool/bin/32bit/amspacktool line 297, <LF> line 40.
Use of uninitialized value $binary_num in numeric eq (==) at /opt/cadence/XCELIUM1803/tools/spectre/amspacktool/bin/32bit/amspacktool line 297, <LF> line 40.
Use of uninitialized value $binary_num in numeric eq (==) at /opt/cadence/XCELIUM1803/tools/spectre/amspacktool/bin/32bit/amspacktool line 297, <LF> line 40.
Use of uninitialized value $binary_num in numeric eq (==) at /opt/cadence/XCELIUM1803/tools/spectre/amspacktool/bin/32bit/amspacktool line 297, <LF> line 40.
Use of uninitialized value $binary_num in numeric eq (==) at /opt/cadence/XCELIUM1803/tools/spectre/amspacktool/bin/32bit/amspacktool line 297, <LF> line 40.
Use of uninitialized value $binary_num in numeric eq (==) at /opt/cadence/XCELIUM1803/tools/spectre/amspacktool/bin/32bit/amspacktool line 297, <LF> line 40.
Use of uninitialized value $binary_num in numeric eq (==) at /opt/cadence/XCELIUM1803/tools/spectre/amspacktool/bin/32bit/amspacktool line 297, <LF> line 40.
Use of uninitialized value $binary_num in numeric eq (==) at /opt/cadence/XCELIUM1803/tools/spectre/amspacktool/bin/32bit/amspacktool line 297, <LF> line 40.
Use of uninitialized value $binary_num in numeric eq (==) at /opt/cadence/XCELIUM1803/tools/spectre/amspacktool/bin/32bit/amspacktool line 297, <LF> line 40.
Use of uninitialized value $binary_num in numeric eq (==) at /opt/cadence/XCELIUM1803/tools/spectre/amspacktool/bin/32bit/amspacktool line 297, <LF> line 40.
Use of uninitialized value $binary_num in numeric eq (==) at /opt/cadence/XCELIUM1803/tools/spectre/amspacktool/bin/32bit/amspacktool line 297, <LF> line 40.
Use of uninitialized value $binary_num in numeric eq (==) at /opt/cadence/XCELIUM1803/tools/spectre/amspacktool/bin/32bit/amspacktool line 297, <LF> line 40.
Use of uninitialized value $binary_num in numeric eq (==) at /opt/cadence/XCELIUM1803/tools/spectre/amspacktool/bin/32bit/amspacktool line 297, <LF> line 40.
Use of uninitialized value $binary_num in numeric eq (==) at /opt/cadence/XCELIUM1803/tools/spectre/amspacktool/bin/32bit/amspacktool line 297, <LF> line 40.
Use of uninitialized value $binary_num in numeric eq (==) at /opt/cadence/XCELIUM1803/tools/spectre/amspacktool/bin/32bit/amspacktool line 297, <LF> line 40.
Use of uninitialized value $binary_num in numeric eq (==) at /opt/cadence/XCELIUM1803/tools/spectre/amspacktool/bin/32bit/amspacktool line 297, <LF> line 40.
Notice: /opt/cadence/XCELIUM1803/tools.lnx86/spectre/etc/ahdl/discipline.h is filtered . 
Notice: /opt/cadence/XCELIUM1803/tools.lnx86/spectre/etc/ahdl/disciplines.vams is filtered . 
Notice: /opt/cadence/XCELIUM1803/tools.lnx86/spectre/etc/ahdl/constants.h is filtered . 
Notice: /opt/cadence/XCELIUM1803/tools.lnx86/spectre/etc/ahdl/constants.vams is filtered . 

Copy ./xcelium.d/AMSD/ams_spice_in/.amsspice_pre.ckt.log ... 
Generating TAR file... 
Done!

Pack Directory: /ws/cdr_rnm/sim/xcelium.d/AMSD/ams_spice_in/.a 
